app/build/intermediates/manifest_merge_blame_file/debug/manifest-merger-blame-debug-report.txt
1<?xml version="1.0" encoding="utf-8"?>
2<manifest xmlns:android="http://schemas.android.com/apk/res/android"
3    package="com.koteswara.wiseplaces"
4    android:versionCode="1"
5    android:versionName="1.0" >
6
7    <uses-sdk
8        android:minSdkVersion="21"
8-->src/main/AndroidManifest.xml
9        android:targetSdkVersion="26" />
9-->src/main/AndroidManifest.xml
10
11    <permission
11-->src/main/AndroidManifest.xml:6:1-8:46
12        android:name="com.koteswara.wiseplaces.permission.MAPS_RECEIVE"
12-->src/main/AndroidManifest.xml:7:9-72
13        android:protectionLevel="signature" />
13-->src/main/AndroidManifest.xml:8:9-44
14
15    <uses-permission android:name="android.permission.READ_PHONE_STATE" />
15-->src/main/AndroidManifest.xml:9:2-72
15-->src/main/AndroidManifest.xml:9:19-69
16    <uses-permission android:name="android.permission.ACCESS_NETWORK_STATE" />
16-->src/main/AndroidManifest.xml:10:2-75
16-->src/main/AndroidManifest.xml:10:19-73
17    <uses-permission android:name="com.koteswara.wiseplaces.permission.MAPS_RECEIVE" />
17-->src/main/AndroidManifest.xml:11:5-87
17-->src/main/AndroidManifest.xml:11:22-85
18    <uses-permission android:name="android.permission.SEND_SMS" />
18-->src/main/AndroidManifest.xml:12:2-64
18-->src/main/AndroidManifest.xml:12:19-61
19    <uses-permission android:name="android.permission.RECEIVE_SMS" />
19-->src/main/AndroidManifest.xml:13:5-70
19-->src/main/AndroidManifest.xml:13:22-67
20    <uses-permission android:name="android.permission.INTERNET" />
20-->src/main/AndroidManifest.xml:14:5-66
20-->src/main/AndroidManifest.xml:14:22-64
21    <uses-permission android:name="android.permission.WRITE_EXTERNAL_STORAGE" />
21-->src/main/AndroidManifest.xml:15:5-80
21-->src/main/AndroidManifest.xml:15:22-78
22    <uses-permission android:name="com.google.android.providers.gsf.permission.READ_GSERVICES" />
22-->src/main/AndroidManifest.xml:16:5-97
22-->src/main/AndroidManifest.xml:16:22-95
23    <uses-permission android:name="android.permission.ACCESS_COARSE_LOCATION" />
23-->src/main/AndroidManifest.xml:18:5-80
23-->src/main/AndroidManifest.xml:18:22-78
24    <uses-permission android:name="android.permission.ACCESS_FINE_LOCATION" />
24-->src/main/AndroidManifest.xml:19:5-78
24-->src/main/AndroidManifest.xml:19:22-76
25    <uses-permission android:name="android.permission.READ_CONTACTS" />
25-->src/main/AndroidManifest.xml:20:3-70
25-->src/main/AndroidManifest.xml:20:20-67
26    <uses-permission android:name="android.permission.SEND_SMS" />
26-->src/main/AndroidManifest.xml:12:2-64
26-->src/main/AndroidManifest.xml:12:19-61
27    <uses-permission android:name="android.permission.INTERNET" />
27-->src/main/AndroidManifest.xml:14:5-66
27-->src/main/AndroidManifest.xml:14:22-64
28    <uses-permission android:name="android.permission.ACCESS_NETWORK_STATE" />
28-->src/main/AndroidManifest.xml:10:2-75
28-->src/main/AndroidManifest.xml:10:19-73
29    <uses-permission android:name="android.permission.CHANGE_NETWORK_STATE" />
29-->src/main/AndroidManifest.xml:24:5-79
29-->src/main/AndroidManifest.xml:24:22-76
30    <uses-permission android:name="android.permission.CHANGE_WIFI_STATE" />
30-->src/main/AndroidManifest.xml:25:5-76
30-->src/main/AndroidManifest.xml:25:22-73
31    <uses-permission android:name="android.permission.RECEIVE_BOOT_COMPLETED" />
31-->src/main/AndroidManifest.xml:26:5-81
31-->src/main/AndroidManifest.xml:26:22-78
32    <uses-permission android:name="android.permission.WAKE_LOCK" />
32-->src/main/AndroidManifest.xml:27:5-68
32-->src/main/AndroidManifest.xml:27:22-65
33    <uses-permission android:name="android.permission.VIBRATE" />
33-->src/main/AndroidManifest.xml:28:5-66
33-->src/main/AndroidManifest.xml:28:22-63
34    <uses-permission android:name="android.permission.WRITE_EXTERNAL_STORAGE" />
34-->src/main/AndroidManifest.xml:15:5-80
34-->src/main/AndroidManifest.xml:15:22-78
35    <uses-permission android:name="android.permission.READ_PHONE_STATE" />
35-->src/main/AndroidManifest.xml:9:2-72
35-->src/main/AndroidManifest.xml:9:19-69
36
37    <uses-feature
37-->[com.google.android.gms:play-services-maps:17.0.0] AndroidManifest.xml:26:5-28:35
38        android:glEsVersion="0x00020000"
38-->[com.google.android.gms:play-services-maps:17.0.0] AndroidManifest.xml:27:9-41
39        android:required="true" /> <!-- Android package visibility setting -->
39-->[com.google.android.gms:play-services-maps:17.0.0] AndroidManifest.xml:28:9-32
40    <queries>
40-->[com.google.android.gms:play-services-ads-lite:19.6.0] AndroidManifest.xml:27:5-38:15
41
42        <!-- For browser content -->
43        <intent>
43-->[com.google.android.gms:play-services-ads-lite:19.6.0] AndroidManifest.xml:30:9-36:18
44            <action android:name="android.intent.action.VIEW" />
44-->[com.google.android.gms:play-services-ads-lite:19.6.0] AndroidManifest.xml:31:13-65
44-->[com.google.android.gms:play-services-ads-lite:19.6.0] AndroidManifest.xml:31:21-62
45
46            <category android:name="android.intent.category.BROWSABLE" />
46-->[com.google.android.gms:play-services-ads-lite:19.6.0] AndroidManifest.xml:33:13-74
46-->[com.google.android.gms:play-services-ads-lite:19.6.0] AndroidManifest.xml:33:23-71
47
48            <data android:scheme="https" />
48-->[com.google.android.gms:play-services-ads-lite:19.6.0] AndroidManifest.xml:35:13-44
48-->[com.google.android.gms:play-services-ads-lite:19.6.0] AndroidManifest.xml:35:19-41
49        </intent>
50        <!-- End of browser content -->
51    </queries>
52
53    <application
53-->src/main/AndroidManifest.xml:32:5-72:19
54        android:allowBackup="true"
54-->src/main/AndroidManifest.xml:33:9-35
55        android:appComponentFactory="androidx.core.app.CoreComponentFactory"
55-->[androidx.core:core:1.2.0] AndroidManifest.xml:24:18-86
56        android:debuggable="true"
57        android:icon="@drawable/appicon"
57-->src/main/AndroidManifest.xml:34:9-41
58        android:label="@string/app_name"
58-->src/main/AndroidManifest.xml:35:9-41
59        android:theme="@style/AppTheme" >
59-->src/main/AndroidManifest.xml:36:9-40
60        <activity
60-->src/main/AndroidManifest.xml:37:10-46:20
61            android:name="com.koteswara.wiseplaces.WisePlacesMain"
61-->src/main/AndroidManifest.xml:38:13-43
62            android:label="@string/app_name" >
62-->src/main/AndroidManifest.xml:39:13-45
63            <intent-filter>
63-->src/main/AndroidManifest.xml:41:13-45:29
64                <action android:name="android.intent.action.MAIN" />
64-->src/main/AndroidManifest.xml:42:17-69
64-->src/main/AndroidManifest.xml:42:25-66
65
66                <category android:name="android.intent.category.LAUNCHER" />
66-->src/main/AndroidManifest.xml:44:17-77
66-->src/main/AndroidManifest.xml:44:27-74
67            </intent-filter>
68        </activity>
69        <activity android:name="com.koteswara.wiseplaces.Second" />
69-->src/main/AndroidManifest.xml:48:7-49:25
69-->src/main/AndroidManifest.xml:48:17-63
70
71        <meta-data
71-->src/main/AndroidManifest.xml:51:11-52:73
72            android:name="com.google.android.gms.version"
72-->src/main/AndroidManifest.xml:51:22-67
73            android:value="@integer/google_play_services_version" />
73-->src/main/AndroidManifest.xml:52:17-70
74        <meta-data
74-->src/main/AndroidManifest.xml:53:9-56:70
75            android:name="com.google.android.maps.v2.API_KEY"
75-->src/main/AndroidManifest.xml:54:13-62
76            android:value="AIzaSyBPRpp3b7CBB8cwTLqPcFBTSKKu2Z3UWR4" />
76-->src/main/AndroidManifest.xml:56:13-68
77
78        <receiver android:name="com.koteswara.wiseplaces.SmsSentReceiver" >
78-->src/main/AndroidManifest.xml:57:10-58:20
78-->src/main/AndroidManifest.xml:57:20-75
79        </receiver>
80        <receiver android:name="com.koteswara.wiseplaces.SmsDeliveredReceiver" >
80-->src/main/AndroidManifest.xml:59:9-64:26
80-->src/main/AndroidManifest.xml:59:19-79
81            <intent-filter>
81-->src/main/AndroidManifest.xml:60:13-63:29
82                <action android:name="android.intent.action.DATA_SMS_RECEIVED" >
82-->src/main/AndroidManifest.xml:61:17-62:26
82-->src/main/AndroidManifest.xml:61:25-79
83                </action>
84            </intent-filter>
85        </receiver>
86
87        <meta-data
87-->src/main/AndroidManifest.xml:51:11-52:73
88            android:name="com.google.android.gms.version"
88-->src/main/AndroidManifest.xml:51:22-67
89            android:value="@integer/google_play_services_version" />
89-->src/main/AndroidManifest.xml:52:17-70
90
91        <activity
91-->src/main/AndroidManifest.xml:68:15-71:64
92            android:name="com.google.android.gms.ads.AdActivity"
92-->src/main/AndroidManifest.xml:69:13-65
93            android:configChanges="keyboard|keyboardHidden|orientation|screenLayout|uiMode|screenSize|smallestScreenSize"
93-->src/main/AndroidManifest.xml:70:13-122
94            android:exported="false"
94-->[com.google.android.gms:play-services-ads-lite:19.6.0] AndroidManifest.xml:46:13-37
95            android:theme="@android:style/Theme.Translucent" />
95-->src/main/AndroidManifest.xml:71:13-61
96        <!-- Needs to be explicitly declared on P+ -->
97        <uses-library
97-->[com.google.android.gms:play-services-maps:17.0.0] AndroidManifest.xml:33:9-35:40
98            android:name="org.apache.http.legacy"
98-->[com.google.android.gms:play-services-maps:17.0.0] AndroidManifest.xml:34:13-50
99            android:required="false" />
99-->[com.google.android.gms:play-services-maps:17.0.0] AndroidManifest.xml:35:13-37
100
101        <activity
101-->[com.google.android.gms:play-services-base:17.0.0] AndroidManifest.xml:23:9-26:75
102            android:name="com.google.android.gms.common.api.GoogleApiActivity"
102-->[com.google.android.gms:play-services-base:17.0.0] AndroidManifest.xml:24:13-79
103            android:exported="false"
103-->[com.google.android.gms:play-services-base:17.0.0] AndroidManifest.xml:25:13-37
104            android:theme="@android:style/Theme.Translucent.NoTitleBar" />
104-->[com.google.android.gms:play-services-base:17.0.0] AndroidManifest.xml:26:13-72
105
106        <provider
106-->[com.google.android.gms:play-services-ads-lite:19.6.0] AndroidManifest.xml:49:9-53:39
107            android:name="com.google.android.gms.ads.MobileAdsInitProvider"
107-->[com.google.android.gms:play-services-ads-lite:19.6.0] AndroidManifest.xml:50:13-76
108            android:authorities="com.koteswara.wiseplaces.mobileadsinitprovider"
108-->[com.google.android.gms:play-services-ads-lite:19.6.0] AndroidManifest.xml:51:13-73
109            android:exported="false"
109-->[com.google.android.gms:play-services-ads-lite:19.6.0] AndroidManifest.xml:52:13-37
110            android:initOrder="100" />
110-->[com.google.android.gms:play-services-ads-lite:19.6.0] AndroidManifest.xml:53:13-36
111
112        <service
112-->[com.google.android.gms:play-services-ads-lite:19.6.0] AndroidManifest.xml:55:9-58:40
113            android:name="com.google.android.gms.ads.AdService"
113-->[com.google.android.gms:play-services-ads-lite:19.6.0] AndroidManifest.xml:56:13-64
114            android:enabled="true"
114-->[com.google.android.gms:play-services-ads-lite:19.6.0] AndroidManifest.xml:57:13-35
115            android:exported="false" />
115-->[com.google.android.gms:play-services-ads-lite:19.6.0] AndroidManifest.xml:58:13-37
116
117        <provider
117-->[androidx.work:work-runtime:2.1.0] AndroidManifest.xml:30:9-36:35
118            android:name="androidx.work.impl.WorkManagerInitializer"
118-->[androidx.work:work-runtime:2.1.0] AndroidManifest.xml:31:13-69
119            android:authorities="com.koteswara.wiseplaces.workmanager-init"
119-->[androidx.work:work-runtime:2.1.0] AndroidManifest.xml:32:13-68
120            android:directBootAware="false"
120-->[androidx.work:work-runtime:2.1.0] AndroidManifest.xml:33:13-44
121            android:exported="false"
121-->[androidx.work:work-runtime:2.1.0] AndroidManifest.xml:34:13-37
122            android:multiprocess="true" />
122-->[androidx.work:work-runtime:2.1.0] AndroidManifest.xml:35:13-40
123
124        <service
124-->[androidx.work:work-runtime:2.1.0] AndroidManifest.xml:38:9-43:35
125            android:name="androidx.work.impl.background.systemalarm.SystemAlarmService"
125-->[androidx.work:work-runtime:2.1.0] AndroidManifest.xml:39:13-88
126            android:directBootAware="false"
126-->[androidx.work:work-runtime:2.1.0] AndroidManifest.xml:40:13-44
127            android:enabled="@bool/enable_system_alarm_service_default"
127-->[androidx.work:work-runtime:2.1.0] AndroidManifest.xml:41:13-72
128            android:exported="false" />
128-->[androidx.work:work-runtime:2.1.0] AndroidManifest.xml:42:13-37
129        <service
129-->[androidx.work:work-runtime:2.1.0] AndroidManifest.xml:44:9-50:35
130            android:name="androidx.work.impl.background.systemjob.SystemJobService"
130-->[androidx.work:work-runtime:2.1.0] AndroidManifest.xml:45:13-84
131            android:directBootAware="false"
131-->[androidx.work:work-runtime:2.1.0] AndroidManifest.xml:46:13-44
132            android:enabled="@bool/enable_system_job_service_default"
132-->[androidx.work:work-runtime:2.1.0] AndroidManifest.xml:47:13-70
133            android:exported="true"
133-->[androidx.work:work-runtime:2.1.0] AndroidManifest.xml:48:13-36
134            android:permission="android.permission.BIND_JOB_SERVICE" />
134-->[androidx.work:work-runtime:2.1.0] AndroidManifest.xml:49:13-69
135
136        <receiver
136-->[androidx.work:work-runtime:2.1.0] AndroidManifest.xml:52:9-57:35
137            android:name="androidx.work.impl.utils.ForceStopRunnable$BroadcastReceiver"
137-->[androidx.work:work-runtime:2.1.0] AndroidManifest.xml:53:13-88
138            android:directBootAware="false"
138-->[androidx.work:work-runtime:2.1.0] AndroidManifest.xml:54:13-44
139            android:enabled="true"
139-->[androidx.work:work-runtime:2.1.0] AndroidManifest.xml:55:13-35
140            android:exported="false" />
140-->[androidx.work:work-runtime:2.1.0] AndroidManifest.xml:56:13-37
141        <receiver
141-->[androidx.work:work-runtime:2.1.0] AndroidManifest.xml:58:9-68:20
142            android:name="androidx.work.impl.background.systemalarm.ConstraintProxy$BatteryChargingProxy"
142-->[androidx.work:work-runtime:2.1.0] AndroidManifest.xml:59:13-106
143            android:directBootAware="false"
143-->[androidx.work:work-runtime:2.1.0] AndroidManifest.xml:60:13-44
144            android:enabled="false"
144-->[androidx.work:work-runtime:2.1.0] AndroidManifest.xml:61:13-36
145            android:exported="false" >
145-->[androidx.work:work-runtime:2.1.0] AndroidManifest.xml:62:13-37
146            <intent-filter>
146-->[androidx.work:work-runtime:2.1.0] AndroidManifest.xml:64:13-67:29
147                <action android:name="android.intent.action.ACTION_POWER_CONNECTED" />
147-->[androidx.work:work-runtime:2.1.0] AndroidManifest.xml:65:17-87
147-->[androidx.work:work-runtime:2.1.0] AndroidManifest.xml:65:25-84
148                <action android:name="android.intent.action.ACTION_POWER_DISCONNECTED" />
148-->[androidx.work:work-runtime:2.1.0] AndroidManifest.xml:66:17-90
148-->[androidx.work:work-runtime:2.1.0] AndroidManifest.xml:66:25-87
149            </intent-filter>
150        </receiver>
151        <receiver
151-->[androidx.work:work-runtime:2.1.0] AndroidManifest.xml:69:9-79:20
152            android:name="androidx.work.impl.background.systemalarm.ConstraintProxy$BatteryNotLowProxy"
152-->[androidx.work:work-runtime:2.1.0] AndroidManifest.xml:70:13-104
153            android:directBootAware="false"
153-->[androidx.work:work-runtime:2.1.0] AndroidManifest.xml:71:13-44
154            android:enabled="false"
154-->[androidx.work:work-runtime:2.1.0] AndroidManifest.xml:72:13-36
155            android:exported="false" >
155-->[androidx.work:work-runtime:2.1.0] AndroidManifest.xml:73:13-37
156            <intent-filter>
156-->[androidx.work:work-runtime:2.1.0] AndroidManifest.xml:75:13-78:29
157                <action android:name="android.intent.action.BATTERY_OKAY" />
157-->[androidx.work:work-runtime:2.1.0] AndroidManifest.xml:76:17-77
157-->[androidx.work:work-runtime:2.1.0] AndroidManifest.xml:76:25-74
158                <action android:name="android.intent.action.BATTERY_LOW" />
158-->[androidx.work:work-runtime:2.1.0] AndroidManifest.xml:77:17-76
158-->[androidx.work:work-runtime:2.1.0] AndroidManifest.xml:77:25-73
159            </intent-filter>
160        </receiver>
161        <receiver
161-->[androidx.work:work-runtime:2.1.0] AndroidManifest.xml:80:9-90:20
162            android:name="androidx.work.impl.background.systemalarm.ConstraintProxy$StorageNotLowProxy"
162-->[androidx.work:work-runtime:2.1.0] AndroidManifest.xml:81:13-104
163            android:directBootAware="false"
163-->[androidx.work:work-runtime:2.1.0] AndroidManifest.xml:82:13-44
164            android:enabled="false"
164-->[androidx.work:work-runtime:2.1.0] AndroidManifest.xml:83:13-36
165            android:exported="false" >
165-->[androidx.work:work-runtime:2.1.0] AndroidManifest.xml:84:13-37
166            <intent-filter>
166-->[androidx.work:work-runtime:2.1.0] AndroidManifest.xml:86:13-89:29
167                <action android:name="android.intent.action.DEVICE_STORAGE_LOW" />
167-->[androidx.work:work-runtime:2.1.0] AndroidManifest.xml:87:17-83
167-->[androidx.work:work-runtime:2.1.0] AndroidManifest.xml:87:25-80
168                <action android:name="android.intent.action.DEVICE_STORAGE_OK" />
168-->[androidx.work:work-runtime:2.1.0] AndroidManifest.xml:88:17-82
168-->[androidx.work:work-runtime:2.1.0] AndroidManifest.xml:88:25-79
169            </intent-filter>
170        </receiver>
171        <receiver
171-->[androidx.work:work-runtime:2.1.0] AndroidManifest.xml:91:9-100:20
172            android:name="androidx.work.impl.background.systemalarm.ConstraintProxy$NetworkStateProxy"
172-->[androidx.work:work-runtime:2.1.0] AndroidManifest.xml:92:13-103
173            android:directBootAware="false"
173-->[androidx.work:work-runtime:2.1.0] AndroidManifest.xml:93:13-44
174            android:enabled="false"
174-->[androidx.work:work-runtime:2.1.0] AndroidManifest.xml:94:13-36
175            android:exported="false" >
175-->[androidx.work:work-runtime:2.1.0] AndroidManifest.xml:95:13-37
176            <intent-filter>
176-->[androidx.work:work-runtime:2.1.0] AndroidManifest.xml:97:13-99:29
177                <action android:name="android.net.conn.CONNECTIVITY_CHANGE" />
177-->[androidx.work:work-runtime:2.1.0] AndroidManifest.xml:98:17-79
177-->[androidx.work:work-runtime:2.1.0] AndroidManifest.xml:98:25-76
178            </intent-filter>
179        </receiver>
180        <receiver
180-->[androidx.work:work-runtime:2.1.0] AndroidManifest.xml:101:9-112:20
181            android:name="androidx.work.impl.background.systemalarm.RescheduleReceiver"
181-->[androidx.work:work-runtime:2.1.0] AndroidManifest.xml:102:13-88
182            android:directBootAware="false"
182-->[androidx.work:work-runtime:2.1.0] AndroidManifest.xml:103:13-44
183            android:enabled="false"
183-->[androidx.work:work-runtime:2.1.0] AndroidManifest.xml:104:13-36
184            android:exported="false" >
184-->[androidx.work:work-runtime:2.1.0] AndroidManifest.xml:105:13-37
185            <intent-filter>
185-->[androidx.work:work-runtime:2.1.0] AndroidManifest.xml:107:13-111:29
186                <action android:name="android.intent.action.BOOT_COMPLETED" />
186-->[androidx.work:work-runtime:2.1.0] AndroidManifest.xml:108:17-79
186-->[androidx.work:work-runtime:2.1.0] AndroidManifest.xml:108:25-76
187                <action android:name="android.intent.action.TIME_SET" />
187-->[androidx.work:work-runtime:2.1.0] AndroidManifest.xml:109:17-73
187-->[androidx.work:work-runtime:2.1.0] AndroidManifest.xml:109:25-70
188                <action android:name="android.intent.action.TIMEZONE_CHANGED" />
188-->[androidx.work:work-runtime:2.1.0] AndroidManifest.xml:110:17-81
188-->[androidx.work:work-runtime:2.1.0] AndroidManifest.xml:110:25-78
189            </intent-filter>
190        </receiver>
191        <receiver
191-->[androidx.work:work-runtime:2.1.0] AndroidManifest.xml:113:9-122:20
192            android:name="androidx.work.impl.background.systemalarm.ConstraintProxyUpdateReceiver"
192-->[androidx.work:work-runtime:2.1.0] AndroidManifest.xml:114:13-99
193            android:directBootAware="false"
193-->[androidx.work:work-runtime:2.1.0] AndroidManifest.xml:115:13-44
194            android:enabled="@bool/enable_system_alarm_service_default"
194-->[androidx.work:work-runtime:2.1.0] AndroidManifest.xml:116:13-72
195            android:exported="false" >
195-->[androidx.work:work-runtime:2.1.0] AndroidManifest.xml:117:13-37
196            <intent-filter>
196-->[androidx.work:work-runtime:2.1.0] AndroidManifest.xml:119:13-121:29
197                <action android:name="androidx.work.impl.background.systemalarm.UpdateProxies" />
197-->[androidx.work:work-runtime:2.1.0] AndroidManifest.xml:120:17-98
197-->[androidx.work:work-runtime:2.1.0] AndroidManifest.xml:120:25-95
198            </intent-filter>
199        </receiver>
200
201        <service
201-->[androidx.room:room-runtime:2.1.0] AndroidManifest.xml:25:9-27:40
202            android:name="androidx.room.MultiInstanceInvalidationService"
202-->[androidx.room:room-runtime:2.1.0] AndroidManifest.xml:26:13-74
203            android:exported="false" />
203-->[androidx.room:room-runtime:2.1.0] AndroidManifest.xml:27:13-37
204    </application>
205
206</manifest>